<?xml version="1.0" encoding="UTF-8"?>
<!-- Generated by org.testng.reporters.JUnitReportReporter -->
<testsuite hostname="Vaishnavi" failures="0" tests="1" name="trry.Test_Prog" time="23.882" errors="0" timestamp="2024-07-30T03:41:53 IST" skipped="0">
  <testcase classname="trry.Test_Prog" name="login" time="23.882"/>
</testsuite> <!-- trry.Test_Prog -->
